2026-01-14 11:31:07,545 - WOT_Pipeline - INFO - Starte Abfrage f僡 100 Spieler.
2026-01-14 11:41:04,685 - WOT_Pipeline - INFO - Starte Abfrage f僡 100 Spieler.
2026-01-14 11:41:46,156 - WOT_Pipeline - INFO - Starte Abfrage f僡 100 Spieler.
2026-01-14 11:41:47,107 - WOT_Pipeline - INFO - 0/100 account_ids geladen
2026-01-14 11:41:47,550 - WOT_Pipeline - INFO - 1/100 account_ids geladen
2026-01-14 11:41:48,477 - WOT_Pipeline - INFO - 2/100 account_ids geladen
2026-01-14 11:41:49,224 - WOT_Pipeline - INFO - 3/100 account_ids geladen
2026-01-14 11:41:50,032 - WOT_Pipeline - INFO - 4/100 account_ids geladen
2026-01-14 11:41:50,631 - WOT_Pipeline - INFO - 5/100 account_ids geladen
2026-01-14 11:41:51,460 - WOT_Pipeline - INFO - 6/100 account_ids geladen
2026-01-14 11:41:52,267 - WOT_Pipeline - INFO - 7/100 account_ids geladen
2026-01-14 11:45:34,324 - WOT_Pipeline - INFO - Starte Abfrage f僡 100 Spieler.
2026-01-14 11:46:07,353 - WOT_Pipeline - INFO - Starte Abfrage f僡 100 Spieler.
2026-01-14 11:46:38,082 - WOT_Pipeline - INFO - Starte Abfrage f僡 100 Spieler.
2026-01-14 15:06:13,787 - WOT_Pipeline - INFO - Starte Abfrage f僡 100 Spieler.
2026-01-14 15:06:18,370 - azure.core.pipeline.policies.http_logging_policy - INFO - Request URL: 'https://vvmatillion.blob.core.windows.net/poc-blob/wot_data/2026-01-14_15-06/player_tank_stats_5.parquet'
Request method: 'PUT'
Request headers:
    'Content-Length': '14924'
    'x-ms-blob-type': 'REDACTED'
    'x-ms-version': 'REDACTED'
    'Content-Type': 'application/octet-stream'
    'Accept': 'application/xml'
    'User-Agent': 'azsdk-python-storage-blob/12.28.0 Python/3.13.9 (Windows-11-10.0.26200-SP0)'
    'x-ms-date': 'REDACTED'
    'x-ms-client-request-id': '3266db31-f152-11f0-89ad-00155d3ef9f4'
    'Authorization': 'REDACTED'
A body is sent with the request
2026-01-14 15:06:18,770 - azure.core.pipeline.policies.http_logging_policy - INFO - Response status: 201
Response headers:
    'Content-Length': '0'
    'Content-MD5': 'REDACTED'
    'Last-Modified': 'Wed, 14 Jan 2026 14:06:18 GMT'
    'ETag': '"0x8DE537616CFE4FA"'
    'Server': 'Windows-Azure-Blob/1.0 Microsoft-HTTPAPI/2.0'
    'x-ms-request-id': '963499c0-f01e-0035-7b5e-85c33d000000'
    'x-ms-client-request-id': '3266db31-f152-11f0-89ad-00155d3ef9f4'
    'x-ms-version': 'REDACTED'
    'x-ms-content-crc64': 'REDACTED'
    'x-ms-request-server-encrypted': 'REDACTED'
    'Date': 'Wed, 14 Jan 2026 14:06:18 GMT'
2026-01-14 15:06:22,764 - azure.core.pipeline.policies.http_logging_policy - INFO - Request URL: 'https://vvmatillion.blob.core.windows.net/poc-blob/wot_data/2026-01-14_15-06/player_tank_stats_10.parquet'
Request method: 'PUT'
Request headers:
    'Content-Length': '13356'
    'x-ms-blob-type': 'REDACTED'
    'x-ms-version': 'REDACTED'
    'Content-Type': 'application/octet-stream'
    'Accept': 'application/xml'
    'User-Agent': 'azsdk-python-storage-blob/12.28.0 Python/3.13.9 (Windows-11-10.0.26200-SP0)'
    'x-ms-date': 'REDACTED'
    'x-ms-client-request-id': '35056dd8-f152-11f0-97fd-00155d3ef9f4'
    'Authorization': 'REDACTED'
A body is sent with the request
2026-01-14 15:06:22,790 - azure.core.pipeline.policies.http_logging_policy - INFO - Response status: 201
Response headers:
    'Content-Length': '0'
    'Content-MD5': 'REDACTED'
    'Last-Modified': 'Wed, 14 Jan 2026 14:06:22 GMT'
    'ETag': '"0x8DE53761939D226"'
    'Server': 'Windows-Azure-Blob/1.0 Microsoft-HTTPAPI/2.0'
    'x-ms-request-id': '9634aac9-f01e-0035-3c5e-85c33d000000'
    'x-ms-client-request-id': '35056dd8-f152-11f0-97fd-00155d3ef9f4'
    'x-ms-version': 'REDACTED'
    'x-ms-content-crc64': 'REDACTED'
    'x-ms-request-server-encrypted': 'REDACTED'
    'Date': 'Wed, 14 Jan 2026 14:06:22 GMT'
2026-01-14 15:06:27,606 - azure.core.pipeline.policies.http_logging_policy - INFO - Request URL: 'https://vvmatillion.blob.core.windows.net/poc-blob/wot_data/2026-01-14_15-06/player_tank_stats_15.parquet'
Request method: 'PUT'
Request headers:
    'Content-Length': '17002'
    'x-ms-blob-type': 'REDACTED'
    'x-ms-version': 'REDACTED'
    'Content-Type': 'application/octet-stream'
    'Accept': 'application/xml'
    'User-Agent': 'azsdk-python-storage-blob/12.28.0 Python/3.13.9 (Windows-11-10.0.26200-SP0)'
    'x-ms-date': 'REDACTED'
    'x-ms-client-request-id': '37e83669-f152-11f0-b8e1-00155d3ef9f4'
    'Authorization': 'REDACTED'
A body is sent with the request
2026-01-14 15:06:27,645 - azure.core.pipeline.policies.http_logging_policy - INFO - Response status: 201
Response headers:
    'Content-Length': '0'
    'Content-MD5': 'REDACTED'
    'Last-Modified': 'Wed, 14 Jan 2026 14:06:27 GMT'
    'ETag': '"0x8DE53761C1EA961"'
    'Server': 'Windows-Azure-Blob/1.0 Microsoft-HTTPAPI/2.0'
    'x-ms-request-id': '9634bdf0-f01e-0035-765e-85c33d000000'
    'x-ms-client-request-id': '37e83669-f152-11f0-b8e1-00155d3ef9f4'
    'x-ms-version': 'REDACTED'
    'x-ms-content-crc64': 'REDACTED'
    'x-ms-request-server-encrypted': 'REDACTED'
    'Date': 'Wed, 14 Jan 2026 14:06:27 GMT'
2026-01-14 15:06:31,560 - azure.core.pipeline.policies.http_logging_policy - INFO - Request URL: 'https://vvmatillion.blob.core.windows.net/poc-blob/wot_data/2026-01-14_15-06/player_tank_stats_20.parquet'
Request method: 'PUT'
Request headers:
    'Content-Length': '15181'
    'x-ms-blob-type': 'REDACTED'
    'x-ms-version': 'REDACTED'
    'Content-Type': 'application/octet-stream'
    'Accept': 'application/xml'
    'User-Agent': 'azsdk-python-storage-blob/12.28.0 Python/3.13.9 (Windows-11-10.0.26200-SP0)'
    'x-ms-date': 'REDACTED'
    'x-ms-client-request-id': '3a439648-f152-11f0-84c1-00155d3ef9f4'
    'Authorization': 'REDACTED'
A body is sent with the request
2026-01-14 15:06:31,586 - azure.core.pipeline.policies.http_logging_policy - INFO - Response status: 201
Response headers:
    'Content-Length': '0'
    'Content-MD5': 'REDACTED'
    'Last-Modified': 'Wed, 14 Jan 2026 14:06:31 GMT'
    'ETag': '"0x8DE53761E77F73C"'
    'Server': 'Windows-Azure-Blob/1.0 Microsoft-HTTPAPI/2.0'
    'x-ms-request-id': '9634ce9f-f01e-0035-7f5e-85c33d000000'
    'x-ms-client-request-id': '3a439648-f152-11f0-84c1-00155d3ef9f4'
    'x-ms-version': 'REDACTED'
    'x-ms-content-crc64': 'REDACTED'
    'x-ms-request-server-encrypted': 'REDACTED'
    'Date': 'Wed, 14 Jan 2026 14:06:31 GMT'
2026-01-14 15:06:35,825 - azure.core.pipeline.policies.http_logging_policy - INFO - Request URL: 'https://vvmatillion.blob.core.windows.net/poc-blob/wot_data/2026-01-14_15-06/player_tank_stats_25.parquet'
Request method: 'PUT'
Request headers:
    'Content-Length': '15948'
    'x-ms-blob-type': 'REDACTED'
    'x-ms-version': 'REDACTED'
    'Content-Type': 'application/octet-stream'
    'Accept': 'application/xml'
    'User-Agent': 'azsdk-python-storage-blob/12.28.0 Python/3.13.9 (Windows-11-10.0.26200-SP0)'
    'x-ms-date': 'REDACTED'
    'x-ms-client-request-id': '3cce4206-f152-11f0-9284-00155d3ef9f4'
    'Authorization': 'REDACTED'
A body is sent with the request
2026-01-14 15:06:35,863 - azure.core.pipeline.policies.http_logging_policy - INFO - Response status: 201
Response headers:
    'Content-Length': '0'
    'Content-MD5': 'REDACTED'
    'Last-Modified': 'Wed, 14 Jan 2026 14:06:35 GMT'
    'ETag': '"0x8DE53762104A987"'
    'Server': 'Windows-Azure-Blob/1.0 Microsoft-HTTPAPI/2.0'
    'x-ms-request-id': '9634de70-f01e-0035-365e-85c33d000000'
    'x-ms-client-request-id': '3cce4206-f152-11f0-9284-00155d3ef9f4'
    'x-ms-version': 'REDACTED'
    'x-ms-content-crc64': 'REDACTED'
    'x-ms-request-server-encrypted': 'REDACTED'
    'Date': 'Wed, 14 Jan 2026 14:06:35 GMT'
2026-01-14 15:06:40,179 - azure.core.pipeline.policies.http_logging_policy - INFO - Request URL: 'https://vvmatillion.blob.core.windows.net/poc-blob/wot_data/2026-01-14_15-06/player_tank_stats_30.parquet'
Request method: 'PUT'
Request headers:
    'Content-Length': '14641'
    'x-ms-blob-type': 'REDACTED'
    'x-ms-version': 'REDACTED'
    'Content-Type': 'application/octet-stream'
    'Accept': 'application/xml'
    'User-Agent': 'azsdk-python-storage-blob/12.28.0 Python/3.13.9 (Windows-11-10.0.26200-SP0)'
    'x-ms-date': 'REDACTED'
    'x-ms-client-request-id': '3f66aac6-f152-11f0-88be-00155d3ef9f4'
    'Authorization': 'REDACTED'
A body is sent with the request
2026-01-14 15:06:40,203 - azure.core.pipeline.policies.http_logging_policy - INFO - Response status: 201
Response headers:
    'Content-Length': '0'
    'Content-MD5': 'REDACTED'
    'Last-Modified': 'Wed, 14 Jan 2026 14:06:40 GMT'
    'ETag': '"0x8DE5376239AF740"'
    'Server': 'Windows-Azure-Blob/1.0 Microsoft-HTTPAPI/2.0'
    'x-ms-request-id': '9634efc2-f01e-0035-0f5f-85c33d000000'
    'x-ms-client-request-id': '3f66aac6-f152-11f0-88be-00155d3ef9f4'
    'x-ms-version': 'REDACTED'
    'x-ms-content-crc64': 'REDACTED'
    'x-ms-request-server-encrypted': 'REDACTED'
    'Date': 'Wed, 14 Jan 2026 14:06:40 GMT'
2026-01-14 15:06:43,928 - azure.core.pipeline.policies.http_logging_policy - INFO - Request URL: 'https://vvmatillion.blob.core.windows.net/poc-blob/wot_data/2026-01-14_15-06/player_tank_stats_35.parquet'
Request method: 'PUT'
Request headers:
    'Content-Length': '13825'
    'x-ms-blob-type': 'REDACTED'
    'x-ms-version': 'REDACTED'
    'Content-Type': 'application/octet-stream'
    'Accept': 'application/xml'
    'User-Agent': 'azsdk-python-storage-blob/12.28.0 Python/3.13.9 (Windows-11-10.0.26200-SP0)'
    'x-ms-date': 'REDACTED'
    'x-ms-client-request-id': '41a2c95c-f152-11f0-a746-00155d3ef9f4'
    'Authorization': 'REDACTED'
A body is sent with the request
2026-01-14 15:06:43,952 - azure.core.pipeline.policies.http_logging_policy - INFO - Response status: 201
Response headers:
    'Content-Length': '0'
    'Content-MD5': 'REDACTED'
    'Last-Modified': 'Wed, 14 Jan 2026 14:06:43 GMT'
    'ETag': '"0x8DE537625D6FD76"'
    'Server': 'Windows-Azure-Blob/1.0 Microsoft-HTTPAPI/2.0'
    'x-ms-request-id': '9634ffa3-f01e-0035-215f-85c33d000000'
    'x-ms-client-request-id': '41a2c95c-f152-11f0-a746-00155d3ef9f4'
    'x-ms-version': 'REDACTED'
    'x-ms-content-crc64': 'REDACTED'
    'x-ms-request-server-encrypted': 'REDACTED'
    'Date': 'Wed, 14 Jan 2026 14:06:43 GMT'
2026-01-14 15:06:48,161 - azure.core.pipeline.policies.http_logging_policy - INFO - Request URL: 'https://vvmatillion.blob.core.windows.net/poc-blob/wot_data/2026-01-14_15-06/player_tank_stats_40.parquet'
Request method: 'PUT'
Request headers:
    'Content-Length': '12238'
    'x-ms-blob-type': 'REDACTED'
    'x-ms-version': 'REDACTED'
    'Content-Type': 'application/octet-stream'
    'Accept': 'application/xml'
    'User-Agent': 'azsdk-python-storage-blob/12.28.0 Python/3.13.9 (Windows-11-10.0.26200-SP0)'
    'x-ms-date': 'REDACTED'
    'x-ms-client-request-id': '4428a3e0-f152-11f0-bb28-00155d3ef9f4'
    'Authorization': 'REDACTED'
A body is sent with the request
2026-01-14 15:06:48,186 - azure.core.pipeline.policies.http_logging_policy - INFO - Response status: 201
Response headers:
    'Content-Length': '0'
    'Content-MD5': 'REDACTED'
    'Last-Modified': 'Wed, 14 Jan 2026 14:06:48 GMT'
    'ETag': '"0x8DE5376285CF9E8"'
    'Server': 'Windows-Azure-Blob/1.0 Microsoft-HTTPAPI/2.0'
    'x-ms-request-id': '96350fc1-f01e-0035-555f-85c33d000000'
    'x-ms-client-request-id': '4428a3e0-f152-11f0-bb28-00155d3ef9f4'
    'x-ms-version': 'REDACTED'
    'x-ms-content-crc64': 'REDACTED'
    'x-ms-request-server-encrypted': 'REDACTED'
    'Date': 'Wed, 14 Jan 2026 14:06:48 GMT'
2026-01-14 15:10:02,815 - WOT_Pipeline - INFO - Starte Abfrage f僡 100 Spieler.
2026-01-14 15:10:07,070 - azure.core.pipeline.policies.http_logging_policy - INFO - Request URL: 'https://vvmatillion.blob.core.windows.net/poc-blob/wot_data/2026-01-14_15-10/player_tank_stats_1.parquet'
Request method: 'PUT'
Request headers:
    'Content-Length': '14924'
    'x-ms-blob-type': 'REDACTED'
    'x-ms-version': 'REDACTED'
    'Content-Type': 'application/octet-stream'
    'Accept': 'application/xml'
    'User-Agent': 'azsdk-python-storage-blob/12.28.0 Python/3.13.9 (Windows-11-10.0.26200-SP0)'
    'x-ms-date': 'REDACTED'
    'x-ms-client-request-id': 'bab7ba6a-f152-11f0-b7d4-00155d3ef9f4'
    'Authorization': 'REDACTED'
A body is sent with the request
2026-01-14 15:10:07,396 - azure.core.pipeline.policies.http_logging_policy - INFO - Response status: 201
Response headers:
    'Content-Length': '0'
    'Content-MD5': 'REDACTED'
    'Last-Modified': 'Wed, 14 Jan 2026 14:10:07 GMT'
    'ETag': '"0x8DE53769F19D7F8"'
    'Server': 'Windows-Azure-Blob/1.0 Microsoft-HTTPAPI/2.0'
    'x-ms-request-id': '0dccd65a-101e-005f-525f-851b15000000'
    'x-ms-client-request-id': 'bab7ba6a-f152-11f0-b7d4-00155d3ef9f4'
    'x-ms-version': 'REDACTED'
    'x-ms-content-crc64': 'REDACTED'
    'x-ms-request-server-encrypted': 'REDACTED'
    'Date': 'Wed, 14 Jan 2026 14:10:07 GMT'
2026-01-14 15:10:11,102 - azure.core.pipeline.policies.http_logging_policy - INFO - Request URL: 'https://vvmatillion.blob.core.windows.net/poc-blob/wot_data/2026-01-14_15-10/player_tank_stats_2.parquet'
Request method: 'PUT'
Request headers:
    'Content-Length': '13356'
    'x-ms-blob-type': 'REDACTED'
    'x-ms-version': 'REDACTED'
    'Content-Type': 'application/octet-stream'
    'Accept': 'application/xml'
    'User-Agent': 'azsdk-python-storage-blob/12.28.0 Python/3.13.9 (Windows-11-10.0.26200-SP0)'
    'x-ms-date': 'REDACTED'
    'x-ms-client-request-id': 'bd1ef7e1-f152-11f0-84b8-00155d3ef9f4'
    'Authorization': 'REDACTED'
A body is sent with the request
2026-01-14 15:10:11,127 - azure.core.pipeline.policies.http_logging_policy - INFO - Response status: 201
Response headers:
    'Content-Length': '0'
    'Content-MD5': 'REDACTED'
    'Last-Modified': 'Wed, 14 Jan 2026 14:10:11 GMT'
    'ETag': '"0x8DE5376A1536D55"'
    'Server': 'Windows-Azure-Blob/1.0 Microsoft-HTTPAPI/2.0'
    'x-ms-request-id': '0dcd02c7-101e-005f-4a5f-851b15000000'
    'x-ms-client-request-id': 'bd1ef7e1-f152-11f0-84b8-00155d3ef9f4'
    'x-ms-version': 'REDACTED'
    'x-ms-content-crc64': 'REDACTED'
    'x-ms-request-server-encrypted': 'REDACTED'
    'Date': 'Wed, 14 Jan 2026 14:10:10 GMT'
2026-01-14 15:10:15,696 - azure.core.pipeline.policies.http_logging_policy - INFO - Request URL: 'https://vvmatillion.blob.core.windows.net/poc-blob/wot_data/2026-01-14_15-10/player_tank_stats_3.parquet'
Request method: 'PUT'
Request headers:
    'Content-Length': '17001'
    'x-ms-blob-type': 'REDACTED'
    'x-ms-version': 'REDACTED'
    'Content-Type': 'application/octet-stream'
    'Accept': 'application/xml'
    'User-Agent': 'azsdk-python-storage-blob/12.28.0 Python/3.13.9 (Windows-11-10.0.26200-SP0)'
    'x-ms-date': 'REDACTED'
    'x-ms-client-request-id': 'bfdbfb28-f152-11f0-95ff-00155d3ef9f4'
    'Authorization': 'REDACTED'
A body is sent with the request
2026-01-14 15:10:15,753 - azure.core.pipeline.policies.http_logging_policy - INFO - Response status: 201
Response headers:
    'Content-Length': '0'
    'Content-MD5': 'REDACTED'
    'Last-Modified': 'Wed, 14 Jan 2026 14:10:15 GMT'
    'ETag': '"0x8DE5376A4109DF6"'
    'Server': 'Windows-Azure-Blob/1.0 Microsoft-HTTPAPI/2.0'
    'x-ms-request-id': '0dcd29d5-101e-005f-155f-851b15000000'
    'x-ms-client-request-id': 'bfdbfb28-f152-11f0-95ff-00155d3ef9f4'
    'x-ms-version': 'REDACTED'
    'x-ms-content-crc64': 'REDACTED'
    'x-ms-request-server-encrypted': 'REDACTED'
    'Date': 'Wed, 14 Jan 2026 14:10:15 GMT'
2026-01-14 15:10:20,116 - azure.core.pipeline.policies.http_logging_policy - INFO - Request URL: 'https://vvmatillion.blob.core.windows.net/poc-blob/wot_data/2026-01-14_15-10/player_tank_stats_4.parquet'
Request method: 'PUT'
Request headers:
    'Content-Length': '15181'
    'x-ms-blob-type': 'REDACTED'
    'x-ms-version': 'REDACTED'
    'Content-Type': 'application/octet-stream'
    'Accept': 'application/xml'
    'User-Agent': 'azsdk-python-storage-blob/12.28.0 Python/3.13.9 (Windows-11-10.0.26200-SP0)'
    'x-ms-date': 'REDACTED'
    'x-ms-client-request-id': 'c27e61e0-f152-11f0-b99c-00155d3ef9f4'
    'Authorization': 'REDACTED'
A body is sent with the request
2026-01-14 15:10:20,141 - azure.core.pipeline.policies.http_logging_policy - INFO - Response status: 201
Response headers:
    'Content-Length': '0'
    'Content-MD5': 'REDACTED'
    'Last-Modified': 'Wed, 14 Jan 2026 14:10:20 GMT'
    'ETag': '"0x8DE5376A6B2D08E"'
    'Server': 'Windows-Azure-Blob/1.0 Microsoft-HTTPAPI/2.0'
    'x-ms-request-id': '0dcd459d-101e-005f-0b5f-851b15000000'
    'x-ms-client-request-id': 'c27e61e0-f152-11f0-b99c-00155d3ef9f4'
    'x-ms-version': 'REDACTED'
    'x-ms-content-crc64': 'REDACTED'
    'x-ms-request-server-encrypted': 'REDACTED'
    'Date': 'Wed, 14 Jan 2026 14:10:19 GMT'
2026-01-14 15:10:24,480 - azure.core.pipeline.policies.http_logging_policy - INFO - Request URL: 'https://vvmatillion.blob.core.windows.net/poc-blob/wot_data/2026-01-14_15-10/player_tank_stats_5.parquet'
Request method: 'PUT'
Request headers:
    'Content-Length': '15948'
    'x-ms-blob-type': 'REDACTED'
    'x-ms-version': 'REDACTED'
    'Content-Type': 'application/octet-stream'
    'Accept': 'application/xml'
    'User-Agent': 'azsdk-python-storage-blob/12.28.0 Python/3.13.9 (Windows-11-10.0.26200-SP0)'
    'x-ms-date': 'REDACTED'
    'x-ms-client-request-id': 'c5183efb-f152-11f0-b47c-00155d3ef9f4'
    'Authorization': 'REDACTED'
A body is sent with the request
2026-01-14 15:10:24,504 - azure.core.pipeline.policies.http_logging_policy - INFO - Response status: 201
Response headers:
    'Content-Length': '0'
    'Content-MD5': 'REDACTED'
    'Last-Modified': 'Wed, 14 Jan 2026 14:10:24 GMT'
    'ETag': '"0x8DE5376A94C9FFD"'
    'Server': 'Windows-Azure-Blob/1.0 Microsoft-HTTPAPI/2.0'
    'x-ms-request-id': '0dcd5f0e-101e-005f-515f-851b15000000'
    'x-ms-client-request-id': 'c5183efb-f152-11f0-b47c-00155d3ef9f4'
    'x-ms-version': 'REDACTED'
    'x-ms-content-crc64': 'REDACTED'
    'x-ms-request-server-encrypted': 'REDACTED'
    'Date': 'Wed, 14 Jan 2026 14:10:24 GMT'
2026-01-14 15:10:28,981 - azure.core.pipeline.policies.http_logging_policy - INFO - Request URL: 'https://vvmatillion.blob.core.windows.net/poc-blob/wot_data/2026-01-14_15-10/player_tank_stats_6.parquet'
Request method: 'PUT'
Request headers:
    'Content-Length': '14641'
    'x-ms-blob-type': 'REDACTED'
    'x-ms-version': 'REDACTED'
    'Content-Type': 'application/octet-stream'
    'Accept': 'application/xml'
    'User-Agent': 'azsdk-python-storage-blob/12.28.0 Python/3.13.9 (Windows-11-10.0.26200-SP0)'
    'x-ms-date': 'REDACTED'
    'x-ms-client-request-id': 'c7c721d3-f152-11f0-8ff3-00155d3ef9f4'
    'Authorization': 'REDACTED'
A body is sent with the request
2026-01-14 15:10:29,007 - azure.core.pipeline.policies.http_logging_policy - INFO - Response status: 201
Response headers:
    'Content-Length': '0'
    'Content-MD5': 'REDACTED'
    'Last-Modified': 'Wed, 14 Jan 2026 14:10:28 GMT'
    'ETag': '"0x8DE5376ABFBA1F0"'
    'Server': 'Windows-Azure-Blob/1.0 Microsoft-HTTPAPI/2.0'
    'x-ms-request-id': '0dcd7c23-101e-005f-445f-851b15000000'
    'x-ms-client-request-id': 'c7c721d3-f152-11f0-8ff3-00155d3ef9f4'
    'x-ms-version': 'REDACTED'
    'x-ms-content-crc64': 'REDACTED'
    'x-ms-request-server-encrypted': 'REDACTED'
    'Date': 'Wed, 14 Jan 2026 14:10:28 GMT'
2026-01-14 15:10:32,789 - azure.core.pipeline.policies.http_logging_policy - INFO - Request URL: 'https://vvmatillion.blob.core.windows.net/poc-blob/wot_data/2026-01-14_15-10/player_tank_stats_7.parquet'
Request method: 'PUT'
Request headers:
    'Content-Length': '13825'
    'x-ms-blob-type': 'REDACTED'
    'x-ms-version': 'REDACTED'
    'Content-Type': 'application/octet-stream'
    'Accept': 'application/xml'
    'User-Agent': 'azsdk-python-storage-blob/12.28.0 Python/3.13.9 (Windows-11-10.0.26200-SP0)'
    'x-ms-date': 'REDACTED'
    'x-ms-client-request-id': 'ca0c24bc-f152-11f0-afa5-00155d3ef9f4'
    'Authorization': 'REDACTED'
A body is sent with the request
2026-01-14 15:10:32,812 - azure.core.pipeline.policies.http_logging_policy - INFO - Response status: 201
Response headers:
    'Content-Length': '0'
    'Content-MD5': 'REDACTED'
    'Last-Modified': 'Wed, 14 Jan 2026 14:10:32 GMT'
    'ETag': '"0x8DE5376AE408043"'
    'Server': 'Windows-Azure-Blob/1.0 Microsoft-HTTPAPI/2.0'
    'x-ms-request-id': '0dcd92a2-101e-005f-405f-851b15000000'
    'x-ms-client-request-id': 'ca0c24bc-f152-11f0-afa5-00155d3ef9f4'
    'x-ms-version': 'REDACTED'
    'x-ms-content-crc64': 'REDACTED'
    'x-ms-request-server-encrypted': 'REDACTED'
    'Date': 'Wed, 14 Jan 2026 14:10:32 GMT'
2026-01-14 15:10:36,505 - azure.core.pipeline.policies.http_logging_policy - INFO - Request URL: 'https://vvmatillion.blob.core.windows.net/poc-blob/wot_data/2026-01-14_15-10/player_tank_stats_8.parquet'
Request method: 'PUT'
Request headers:
    'Content-Length': '12238'
    'x-ms-blob-type': 'REDACTED'
    'x-ms-version': 'REDACTED'
    'Content-Type': 'application/octet-stream'
    'Accept': 'application/xml'
    'User-Agent': 'azsdk-python-storage-blob/12.28.0 Python/3.13.9 (Windows-11-10.0.26200-SP0)'
    'x-ms-date': 'REDACTED'
    'x-ms-client-request-id': 'cc431fe3-f152-11f0-89a1-00155d3ef9f4'
    'Authorization': 'REDACTED'
A body is sent with the request
2026-01-14 15:10:36,530 - azure.core.pipeline.policies.http_logging_policy - INFO - Response status: 201
Response headers:
    'Content-Length': '0'
    'Content-MD5': 'REDACTED'
    'Last-Modified': 'Wed, 14 Jan 2026 14:10:36 GMT'
    'ETag': '"0x8DE5376B0777DF1"'
    'Server': 'Windows-Azure-Blob/1.0 Microsoft-HTTPAPI/2.0'
    'x-ms-request-id': '0dcdaa58-101e-005f-405f-851b15000000'
    'x-ms-client-request-id': 'cc431fe3-f152-11f0-89a1-00155d3ef9f4'
    'x-ms-version': 'REDACTED'
    'x-ms-content-crc64': 'REDACTED'
    'x-ms-request-server-encrypted': 'REDACTED'
    'Date': 'Wed, 14 Jan 2026 14:10:36 GMT'
2026-01-14 15:10:40,187 - azure.core.pipeline.policies.http_logging_policy - INFO - Request URL: 'https://vvmatillion.blob.core.windows.net/poc-blob/wot_data/2026-01-14_15-10/player_tank_stats_9.parquet'
Request method: 'PUT'
Request headers:
    'Content-Length': '11866'
    'x-ms-blob-type': 'REDACTED'
    'x-ms-version': 'REDACTED'
    'Content-Type': 'application/octet-stream'
    'Accept': 'application/xml'
    'User-Agent': 'azsdk-python-storage-blob/12.28.0 Python/3.13.9 (Windows-11-10.0.26200-SP0)'
    'x-ms-date': 'REDACTED'
    'x-ms-client-request-id': 'ce74f866-f152-11f0-a06a-00155d3ef9f4'
    'Authorization': 'REDACTED'
A body is sent with the request
2026-01-14 15:10:40,212 - azure.core.pipeline.policies.http_logging_policy - INFO - Response status: 201
Response headers:
    'Content-Length': '0'
    'Content-MD5': 'REDACTED'
    'Last-Modified': 'Wed, 14 Jan 2026 14:10:40 GMT'
    'ETag': '"0x8DE5376B2A97359"'
    'Server': 'Windows-Azure-Blob/1.0 Microsoft-HTTPAPI/2.0'
    'x-ms-request-id': '0dcdc12b-101e-005f-7c5f-851b15000000'
    'x-ms-client-request-id': 'ce74f866-f152-11f0-a06a-00155d3ef9f4'
    'x-ms-version': 'REDACTED'
    'x-ms-content-crc64': 'REDACTED'
    'x-ms-request-server-encrypted': 'REDACTED'
    'Date': 'Wed, 14 Jan 2026 14:10:39 GMT'
2026-01-14 15:10:44,659 - azure.core.pipeline.policies.http_logging_policy - INFO - Request URL: 'https://vvmatillion.blob.core.windows.net/poc-blob/wot_data/2026-01-14_15-10/player_tank_stats_10.parquet'
Request method: 'PUT'
Request headers:
    'Content-Length': '16367'
    'x-ms-blob-type': 'REDACTED'
    'x-ms-version': 'REDACTED'
    'Content-Type': 'application/octet-stream'
    'Accept': 'application/xml'
    'User-Agent': 'azsdk-python-storage-blob/12.28.0 Python/3.13.9 (Windows-11-10.0.26200-SP0)'
    'x-ms-date': 'REDACTED'
    'x-ms-client-request-id': 'd11f5b36-f152-11f0-86c2-00155d3ef9f4'
    'Authorization': 'REDACTED'
A body is sent with the request
2026-01-14 15:10:44,692 - azure.core.pipeline.policies.http_logging_policy - INFO - Response status: 201
Response headers:
    'Content-Length': '0'
    'Content-MD5': 'REDACTED'
    'Last-Modified': 'Wed, 14 Jan 2026 14:10:44 GMT'
    'ETag': '"0x8DE5376B5551A6F"'
    'Server': 'Windows-Azure-Blob/1.0 Microsoft-HTTPAPI/2.0'
    'x-ms-request-id': '0dcddde9-101e-005f-4b5f-851b15000000'
    'x-ms-client-request-id': 'd11f5b36-f152-11f0-86c2-00155d3ef9f4'
    'x-ms-version': 'REDACTED'
    'x-ms-content-crc64': 'REDACTED'
    'x-ms-request-server-encrypted': 'REDACTED'
    'Date': 'Wed, 14 Jan 2026 14:10:44 GMT'
2026-01-14 15:10:49,484 - azure.core.pipeline.policies.http_logging_policy - INFO - Request URL: 'https://vvmatillion.blob.core.windows.net/poc-blob/wot_data/2026-01-14_15-10/player_tank_stats_11.parquet'
Request method: 'PUT'
Request headers:
    'Content-Length': '13434'
    'x-ms-blob-type': 'REDACTED'
    'x-ms-version': 'REDACTED'
    'Content-Type': 'application/octet-stream'
    'Accept': 'application/xml'
    'User-Agent': 'azsdk-python-storage-blob/12.28.0 Python/3.13.9 (Windows-11-10.0.26200-SP0)'
    'x-ms-date': 'REDACTED'
    'x-ms-client-request-id': 'd3ff96ed-f152-11f0-a949-00155d3ef9f4'
    'Authorization': 'REDACTED'
A body is sent with the request
2026-01-14 15:10:49,512 - azure.core.pipeline.policies.http_logging_policy - INFO - Response status: 201
Response headers:
    'Content-Length': '0'
    'Content-MD5': 'REDACTED'
    'Last-Modified': 'Wed, 14 Jan 2026 14:10:49 GMT'
    'ETag': '"0x8DE5376B8344CF7"'
    'Server': 'Windows-Azure-Blob/1.0 Microsoft-HTTPAPI/2.0'
    'x-ms-request-id': '0dcdfa33-101e-005f-505f-851b15000000'
    'x-ms-client-request-id': 'd3ff96ed-f152-11f0-a949-00155d3ef9f4'
    'x-ms-version': 'REDACTED'
    'x-ms-content-crc64': 'REDACTED'
    'x-ms-request-server-encrypted': 'REDACTED'
    'Date': 'Wed, 14 Jan 2026 14:10:49 GMT'
2026-01-14 15:10:53,005 - azure.core.pipeline.policies.http_logging_policy - INFO - Request URL: 'https://vvmatillion.blob.core.windows.net/poc-blob/wot_data/2026-01-14_15-10/player_tank_stats_12.parquet'
Request method: 'PUT'
Request headers:
    'Content-Length': '12255'
    'x-ms-blob-type': 'REDACTED'
    'x-ms-version': 'REDACTED'
    'Content-Type': 'application/octet-stream'
    'Accept': 'application/xml'
    'User-Agent': 'azsdk-python-storage-blob/12.28.0 Python/3.13.9 (Windows-11-10.0.26200-SP0)'
    'x-ms-date': 'REDACTED'
    'x-ms-client-request-id': 'd618de98-f152-11f0-8128-00155d3ef9f4'
    'Authorization': 'REDACTED'
A body is sent with the request
2026-01-14 15:10:53,030 - azure.core.pipeline.policies.http_logging_policy - INFO - Response status: 201
Response headers:
    'Content-Length': '0'
    'Content-MD5': 'REDACTED'
    'Last-Modified': 'Wed, 14 Jan 2026 14:10:53 GMT'
    'ETag': '"0x8DE5376BA4D3FE0"'
    'Server': 'Windows-Azure-Blob/1.0 Microsoft-HTTPAPI/2.0'
    'x-ms-request-id': '0dce0ebe-101e-005f-285f-851b15000000'
    'x-ms-client-request-id': 'd618de98-f152-11f0-8128-00155d3ef9f4'
    'x-ms-version': 'REDACTED'
    'x-ms-content-crc64': 'REDACTED'
    'x-ms-request-server-encrypted': 'REDACTED'
    'Date': 'Wed, 14 Jan 2026 14:10:52 GMT'
2026-01-14 15:10:57,121 - azure.core.pipeline.policies.http_logging_policy - INFO - Request URL: 'https://vvmatillion.blob.core.windows.net/poc-blob/wot_data/2026-01-14_15-10/player_tank_stats_13.parquet'
Request method: 'PUT'
Request headers:
    'Content-Length': '14642'
    'x-ms-blob-type': 'REDACTED'
    'x-ms-version': 'REDACTED'
    'Content-Type': 'application/octet-stream'
    'Accept': 'application/xml'
    'User-Agent': 'azsdk-python-storage-blob/12.28.0 Python/3.13.9 (Windows-11-10.0.26200-SP0)'
    'x-ms-date': 'REDACTED'
    'x-ms-client-request-id': 'd88ced89-f152-11f0-9a09-00155d3ef9f4'
    'Authorization': 'REDACTED'
A body is sent with the request
2026-01-14 15:10:57,145 - azure.core.pipeline.policies.http_logging_policy - INFO - Response status: 201
Response headers:
    'Content-Length': '0'
    'Content-MD5': 'REDACTED'
    'Last-Modified': 'Wed, 14 Jan 2026 14:10:57 GMT'
    'ETag': '"0x8DE5376BCC16483"'
    'Server': 'Windows-Azure-Blob/1.0 Microsoft-HTTPAPI/2.0'
    'x-ms-request-id': '0dce252d-101e-005f-495f-851b15000000'
    'x-ms-client-request-id': 'd88ced89-f152-11f0-9a09-00155d3ef9f4'
    'x-ms-version': 'REDACTED'
    'x-ms-content-crc64': 'REDACTED'
    'x-ms-request-server-encrypted': 'REDACTED'
    'Date': 'Wed, 14 Jan 2026 14:10:56 GMT'
2026-01-14 15:11:00,543 - azure.core.pipeline.policies.http_logging_policy - INFO - Request URL: 'https://vvmatillion.blob.core.windows.net/poc-blob/wot_data/2026-01-14_15-11/player_tank_stats_14.parquet'
Request method: 'PUT'
Request headers:
    'Content-Length': '11060'
    'x-ms-blob-type': 'REDACTED'
    'x-ms-version': 'REDACTED'
    'Content-Type': 'application/octet-stream'
    'Accept': 'application/xml'
    'User-Agent': 'azsdk-python-storage-blob/12.28.0 Python/3.13.9 (Windows-11-10.0.26200-SP0)'
    'x-ms-date': 'REDACTED'
    'x-ms-client-request-id': 'da971d78-f152-11f0-a4cc-00155d3ef9f4'
    'Authorization': 'REDACTED'
A body is sent with the request
2026-01-14 15:11:00,568 - azure.core.pipeline.policies.http_logging_policy - INFO - Response status: 201
Response headers:
    'Content-Length': '0'
    'Content-MD5': 'REDACTED'
    'Last-Modified': 'Wed, 14 Jan 2026 14:11:00 GMT'
    'ETag': '"0x8DE5376BECB8C8E"'
    'Server': 'Windows-Azure-Blob/1.0 Microsoft-HTTPAPI/2.0'
    'x-ms-request-id': '0dce38da-101e-005f-365f-851b15000000'
    'x-ms-client-request-id': 'da971d78-f152-11f0-a4cc-00155d3ef9f4'
    'x-ms-version': 'REDACTED'
    'x-ms-content-crc64': 'REDACTED'
    'x-ms-request-server-encrypted': 'REDACTED'
    'Date': 'Wed, 14 Jan 2026 14:11:00 GMT'
2026-01-14 15:11:04,653 - azure.core.pipeline.policies.http_logging_policy - INFO - Request URL: 'https://vvmatillion.blob.core.windows.net/poc-blob/wot_data/2026-01-14_15-11/player_tank_stats_15.parquet'
Request method: 'PUT'
Request headers:
    'Content-Length': '13593'
    'x-ms-blob-type': 'REDACTED'
    'x-ms-version': 'REDACTED'
    'Content-Type': 'application/octet-stream'
    'Accept': 'application/xml'
    'User-Agent': 'azsdk-python-storage-blob/12.28.0 Python/3.13.9 (Windows-11-10.0.26200-SP0)'
    'x-ms-date': 'REDACTED'
    'x-ms-client-request-id': 'dd0a377d-f152-11f0-a91d-00155d3ef9f4'
    'Authorization': 'REDACTED'
A body is sent with the request
2026-01-14 15:11:04,680 - azure.core.pipeline.policies.http_logging_policy - INFO - Response status: 201
Response headers:
    'Content-Length': '0'
    'Content-MD5': 'REDACTED'
    'Last-Modified': 'Wed, 14 Jan 2026 14:11:04 GMT'
    'ETag': '"0x8DE5376C13EEE03"'
    'Server': 'Windows-Azure-Blob/1.0 Microsoft-HTTPAPI/2.0'
    'x-ms-request-id': '0dce5016-101e-005f-6e5f-851b15000000'
    'x-ms-client-request-id': 'dd0a377d-f152-11f0-a91d-00155d3ef9f4'
    'x-ms-version': 'REDACTED'
    'x-ms-content-crc64': 'REDACTED'
    'x-ms-request-server-encrypted': 'REDACTED'
    'Date': 'Wed, 14 Jan 2026 14:11:04 GMT'
2026-01-14 15:11:09,292 - azure.core.pipeline.policies.http_logging_policy - INFO - Request URL: 'https://vvmatillion.blob.core.windows.net/poc-blob/wot_data/2026-01-14_15-11/player_tank_stats_16.parquet'
Request method: 'PUT'
Request headers:
    'Content-Length': '16785'
    'x-ms-blob-type': 'REDACTED'
    'x-ms-version': 'REDACTED'
    'Content-Type': 'application/octet-stream'
    'Accept': 'application/xml'
    'User-Agent': 'azsdk-python-storage-blob/12.28.0 Python/3.13.9 (Windows-11-10.0.26200-SP0)'
    'x-ms-date': 'REDACTED'
    'x-ms-client-request-id': 'dfce28f2-f152-11f0-bd5e-00155d3ef9f4'
    'Authorization': 'REDACTED'
A body is sent with the request
2026-01-14 15:11:09,317 - azure.core.pipeline.policies.http_logging_policy - INFO - Response status: 201
Response headers:
    'Content-Length': '0'
    'Content-MD5': 'REDACTED'
    'Last-Modified': 'Wed, 14 Jan 2026 14:11:09 GMT'
    'ETag': '"0x8DE5376C4028663"'
    'Server': 'Windows-Azure-Blob/1.0 Microsoft-HTTPAPI/2.0'
    'x-ms-request-id': '0dce6a3c-101e-005f-625f-851b15000000'
    'x-ms-client-request-id': 'dfce28f2-f152-11f0-bd5e-00155d3ef9f4'
    'x-ms-version': 'REDACTED'
    'x-ms-content-crc64': 'REDACTED'
    'x-ms-request-server-encrypted': 'REDACTED'
    'Date': 'Wed, 14 Jan 2026 14:11:08 GMT'
2026-01-14 15:11:12,723 - azure.core.pipeline.policies.http_logging_policy - INFO - Request URL: 'https://vvmatillion.blob.core.windows.net/poc-blob/wot_data/2026-01-14_15-11/player_tank_stats_17.parquet'
Request method: 'PUT'
Request headers:
    'Content-Length': '11596'
    'x-ms-blob-type': 'REDACTED'
    'x-ms-version': 'REDACTED'
    'Content-Type': 'application/octet-stream'
    'Accept': 'application/xml'
    'User-Agent': 'azsdk-python-storage-blob/12.28.0 Python/3.13.9 (Windows-11-10.0.26200-SP0)'
    'x-ms-date': 'REDACTED'
    'x-ms-client-request-id': 'e1d993bc-f152-11f0-bbe7-00155d3ef9f4'
    'Authorization': 'REDACTED'
A body is sent with the request
2026-01-14 15:11:12,747 - azure.core.pipeline.policies.http_logging_policy - INFO - Response status: 201
Response headers:
    'Content-Length': '0'
    'Content-MD5': 'REDACTED'
    'Last-Modified': 'Wed, 14 Jan 2026 14:11:12 GMT'
    'ETag': '"0x8DE5376C60E0DCF"'
    'Server': 'Windows-Azure-Blob/1.0 Microsoft-HTTPAPI/2.0'
    'x-ms-request-id': '0dce7dd7-101e-005f-0a5f-851b15000000'
    'x-ms-client-request-id': 'e1d993bc-f152-11f0-bbe7-00155d3ef9f4'
    'x-ms-version': 'REDACTED'
    'x-ms-content-crc64': 'REDACTED'
    'x-ms-request-server-encrypted': 'REDACTED'
    'Date': 'Wed, 14 Jan 2026 14:11:12 GMT'
2026-01-14 15:11:17,280 - azure.core.pipeline.policies.http_logging_policy - INFO - Request URL: 'https://vvmatillion.blob.core.windows.net/poc-blob/wot_data/2026-01-14_15-11/player_tank_stats_18.parquet'
Request method: 'PUT'
Request headers:
    'Content-Length': '17645'
    'x-ms-blob-type': 'REDACTED'
    'x-ms-version': 'REDACTED'
    'Content-Type': 'application/octet-stream'
    'Accept': 'application/xml'
    'User-Agent': 'azsdk-python-storage-blob/12.28.0 Python/3.13.9 (Windows-11-10.0.26200-SP0)'
    'x-ms-date': 'REDACTED'
    'x-ms-client-request-id': 'e490f3b0-f152-11f0-9b58-00155d3ef9f4'
    'Authorization': 'REDACTED'
A body is sent with the request
2026-01-14 15:11:17,304 - azure.core.pipeline.policies.http_logging_policy - INFO - Response status: 201
Response headers:
    'Content-Length': '0'
    'Content-MD5': 'REDACTED'
    'Last-Modified': 'Wed, 14 Jan 2026 14:11:17 GMT'
    'ETag': '"0x8DE5376C8C57301"'
    'Server': 'Windows-Azure-Blob/1.0 Microsoft-HTTPAPI/2.0'
    'x-ms-request-id': '0dce96d6-101e-005f-095f-851b15000000'
    'x-ms-client-request-id': 'e490f3b0-f152-11f0-9b58-00155d3ef9f4'
    'x-ms-version': 'REDACTED'
    'x-ms-content-crc64': 'REDACTED'
    'x-ms-request-server-encrypted': 'REDACTED'
    'Date': 'Wed, 14 Jan 2026 14:11:16 GMT'
2026-01-14 15:11:21,195 - azure.core.pipeline.policies.http_logging_policy - INFO - Request URL: 'https://vvmatillion.blob.core.windows.net/poc-blob/wot_data/2026-01-14_15-11/player_tank_stats_19.parquet'
Request method: 'PUT'
Request headers:
    'Content-Length': '13015'
    'x-ms-blob-type': 'REDACTED'
    'x-ms-version': 'REDACTED'
    'Content-Type': 'application/octet-stream'
    'Accept': 'application/xml'
    'User-Agent': 'azsdk-python-storage-blob/12.28.0 Python/3.13.9 (Windows-11-10.0.26200-SP0)'
    'x-ms-date': 'REDACTED'
    'x-ms-client-request-id': 'e6e649b4-f152-11f0-a606-00155d3ef9f4'
    'Authorization': 'REDACTED'
A body is sent with the request
2026-01-14 15:11:21,223 - azure.core.pipeline.policies.http_logging_policy - INFO - Response status: 201
Response headers:
    'Content-Length': '0'
    'Content-MD5': 'REDACTED'
    'Last-Modified': 'Wed, 14 Jan 2026 14:11:21 GMT'
    'ETag': '"0x8DE5376CB1B17C0"'
    'Server': 'Windows-Azure-Blob/1.0 Microsoft-HTTPAPI/2.0'
    'x-ms-request-id': '0dceac94-101e-005f-2e5f-851b15000000'
    'x-ms-client-request-id': 'e6e649b4-f152-11f0-a606-00155d3ef9f4'
    'x-ms-version': 'REDACTED'
    'x-ms-content-crc64': 'REDACTED'
    'x-ms-request-server-encrypted': 'REDACTED'
    'Date': 'Wed, 14 Jan 2026 14:11:20 GMT'
2026-01-14 15:11:25,604 - azure.core.pipeline.policies.http_logging_policy - INFO - Request URL: 'https://vvmatillion.blob.core.windows.net/poc-blob/wot_data/2026-01-14_15-11/player_tank_stats_20.parquet'
Request method: 'PUT'
Request headers:
    'Content-Length': '15006'
    'x-ms-blob-type': 'REDACTED'
    'x-ms-version': 'REDACTED'
    'Content-Type': 'application/octet-stream'
    'Accept': 'application/xml'
    'User-Agent': 'azsdk-python-storage-blob/12.28.0 Python/3.13.9 (Windows-11-10.0.26200-SP0)'
    'x-ms-date': 'REDACTED'
    'x-ms-client-request-id': 'e98724c7-f152-11f0-92ab-00155d3ef9f4'
    'Authorization': 'REDACTED'
A body is sent with the request
2026-01-14 15:11:25,628 - azure.core.pipeline.policies.http_logging_policy - INFO - Response status: 201
Response headers:
    'Content-Length': '0'
    'Content-MD5': 'REDACTED'
    'Last-Modified': 'Wed, 14 Jan 2026 14:11:25 GMT'
    'ETag': '"0x8DE5376CDBB75F0"'
    'Server': 'Windows-Azure-Blob/1.0 Microsoft-HTTPAPI/2.0'
    'x-ms-request-id': '0dcec753-101e-005f-125f-851b15000000'
    'x-ms-client-request-id': 'e98724c7-f152-11f0-92ab-00155d3ef9f4'
    'x-ms-version': 'REDACTED'
    'x-ms-content-crc64': 'REDACTED'
    'x-ms-request-server-encrypted': 'REDACTED'
    'Date': 'Wed, 14 Jan 2026 14:11:25 GMT'
2026-01-14 15:11:25,629 - WOT_Pipeline - INFO - Pipeline erfolgreich abgeschlossen.
2026-01-14 16:17:31,528 - WOT_Pipeline - INFO - Starte Abfrage f僡 100 Spieler.
2026-01-14 16:17:35,881 - azure.core.pipeline.policies.http_logging_policy - INFO - Request URL: 'https://vvmatillion.blob.core.windows.net/poc-blob/wot_data/2026-01-14_16-17/player_tank_stats_1.parquet'
Request method: 'PUT'
Request headers:
    'Content-Length': '14924'
    'x-ms-blob-type': 'REDACTED'
    'x-ms-version': 'REDACTED'
    'Content-Type': 'application/octet-stream'
    'Accept': 'application/xml'
    'User-Agent': 'azsdk-python-storage-blob/12.28.0 Python/3.13.9 (Windows-11-10.0.26200-SP0)'
    'x-ms-date': 'REDACTED'
    'x-ms-client-request-id': '27ff45be-f15c-11f0-92f7-00155d3ef9f4'
    'Authorization': 'REDACTED'
A body is sent with the request
2026-01-14 16:17:36,231 - azure.core.pipeline.policies.http_logging_policy - INFO - Response status: 201
Response headers:
    'Content-Length': '0'
    'Content-MD5': 'REDACTED'
    'Last-Modified': 'Wed, 14 Jan 2026 15:17:36 GMT'
    'ETag': '"0x8DE53800C612F8C"'
    'Server': 'Windows-Azure-Blob/1.0 Microsoft-HTTPAPI/2.0'
    'x-ms-request-id': '5a4cf30c-801e-004d-4068-8560c5000000'
    'x-ms-client-request-id': '27ff45be-f15c-11f0-92f7-00155d3ef9f4'
    'x-ms-version': 'REDACTED'
    'x-ms-content-crc64': 'REDACTED'
    'x-ms-request-server-encrypted': 'REDACTED'
    'Date': 'Wed, 14 Jan 2026 15:17:36 GMT'
